2025-01-15 19:14:55,723 - INFO - Successfully connected to database
2025-01-15 19:14:55,725 - INFO - Starting malaria prediction model training pipeline...
2025-01-15 19:14:55,725 - INFO - Creating combined dataset...
2025-01-15 19:14:56,183 - INFO - Successfully fetched 3000 records from warehouse
2025-01-15 19:14:56,197 - INFO - Generating 1422 synthetic outbreak samples to balance dataset
2025-01-15 19:14:56,203 - INFO - Successfully generated 1422 synthetic samples
2025-01-15 19:14:56,211 - INFO - Successfully created combined dataset with 4422 records
2025-01-15 19:14:56,213 - INFO - Preprocessing data...
2025-01-15 19:14:56,226 - INFO - Successfully engineered features
2025-01-15 19:14:56,254 - INFO - Successfully preprocessed data
2025-01-15 19:14:56,254 - INFO - Training model...
2025-01-15 19:16:16,786 - INFO - Best parameters: {'class_weight': 'balanced', 'max_depth': 20, 'min_samples_leaf': 1, 'min_samples_split': 2, 'n_estimators': 100}
2025-01-15 19:16:16,788 - INFO - Validating model predictions...
2025-01-15 19:16:16,847 - INFO - 
Model Performance Metrics:
2025-01-15 19:16:16,848 - INFO - 
Classification Report:
              precision    recall  f1-score   support

           0       0.73      0.98      0.84       460
           1       0.97      0.61      0.75       425

    accuracy                           0.81       885
   macro avg       0.85      0.80      0.80       885
weighted avg       0.85      0.81      0.80       885

2025-01-15 19:16:16,850 - INFO - 
Sensitivity (True Positive Rate): 0.614
2025-01-15 19:16:16,851 - INFO - Specificity (True Negative Rate): 0.985
2025-01-15 19:16:16,851 - INFO - Positive Predictive Value: 0.974
2025-01-15 19:16:16,851 - INFO - Negative Predictive Value: 0.734
2025-01-15 19:16:16,852 - INFO - Creating visualization plots...
2025-01-15 19:16:17,523 - INFO - Feature importance plot saved as 'feature_importance.png'
2025-01-15 19:16:17,762 - INFO - Confusion matrix plot saved as 'confusion_matrix.png'
2025-01-15 19:16:17,998 - INFO - ROC curve plot saved as 'roc_curve.png'
2025-01-15 19:16:18,042 - INFO - Model successfully saved as 'malaria_model_20250115_191455.pkl'
2025-01-15 19:16:18,044 - INFO - Model training pipeline completed successfully!
2025-01-15 19:16:18,046 - INFO - Database connection closed
